app/build/outputs/logs/manifest-merger-debug-report.txt
-- Merging decision tree log ---
provider#android.support.v4.content.FileProvider
INJECTED from src\main\AndroidManifest.xml:39:9-47:20
	android:grantUriPermissions
		ADDED from src\main\AndroidManifest.xml:43:13-47
	android:authorities
		INJECTED from src\main\AndroidManifest.xml
		ADDED from src\main\AndroidManifest.xml:41:13-64
	android:exported
		ADDED from src\main\AndroidManifest.xml:42:13-37
	android:name
		ADDED from src\main\AndroidManifest.xml:40:13-67
manifest
ADDED from src\main\AndroidManifest.xml:2:1-215:12
INJECTED from src\main\AndroidManifest.xml:2:1-215:12
INJECTED from src\main\AndroidManifest.xml:2:1-215:12
INJECTED from src\main\AndroidManifest.xml:2:1-215:12
MERGED from [com.android.support:design:28.0.0-rc02] AndroidManifest.xml:17:1-24:12
MERGED from [com.yanzhenjie:permission:1.0.6] AndroidManifest.xml:17:1-32:12
MERGED from [com.yanzhenjie.alertdialog:alertdialog:1.0.1] AndroidManifest.xml:2:1-10:12
MERGED from [com.android.support:appcompat-v7:28.0.0-rc02] AndroidManifest.xml:17:1-22:12
MERGED from [com.android.support:percent:28.0.0-rc02] AndroidManifest.xml:17:1-22:12
MERGED from [com.android.support.constraint:constraint-layout:1.1.3] AndroidManifest.xml:2:1-11:12
MERGED from [:library] AndroidManifest.xml:2:1-62:12
MERGED from [com.github.bumptech.glide:glide:4.7.1] AndroidManifest.xml:2:1-13:12
MERGED from [com.jakewharton:butterknife:8.8.1] AndroidManifest.xml:2:1-7:12
MERGED from [android.arch.lifecycle:extensions:1.1.1] AndroidManifest.xml:17:1-30:12
MERGED from [com.android.support:recyclerview-v7:28.0.0-rc02] AndroidManifest.xml:17:1-22:12
MERGED from [com.android.support:support-fragment:28.0.0-rc02] AndroidManifest.xml:17:1-22:12
MERGED from [com.android.support:animated-vector-drawable:28.0.0-rc02] AndroidManifest.xml:17:1-22:12
MERGED from [com.android.support:support-core-ui:28.0.0-rc02] AndroidManifest.xml:17:1-22:12
MERGED from [com.android.support:support-core-utils:28.0.0-rc02] AndroidManifest.xml:17:1-22:12
MERGED from [com.android.support:transition:28.0.0-rc02] AndroidManifest.xml:17:1-22:12
MERGED from [com.android.support:cardview-v7:28.0.0-rc02] AndroidManifest.xml:17:1-22:12
MERGED from [com.github.bumptech.glide:gifdecoder:4.7.1] AndroidManifest.xml:2:1-11:12
MERGED from [com.android.support:loader:28.0.0-rc02] AndroidManifest.xml:17:1-22:12
MERGED from [com.android.support:viewpager:28.0.0-rc02] AndroidManifest.xml:17:1-22:12
MERGED from [com.android.support:coordinatorlayout:28.0.0-rc02] AndroidManifest.xml:17:1-22:12
MERGED from [com.android.support:drawerlayout:28.0.0-rc02] AndroidManifest.xml:17:1-22:12
MERGED from [com.android.support:slidingpanelayout:28.0.0-rc02] AndroidManifest.xml:17:1-22:12
MERGED from [com.android.support:customview:28.0.0-rc02] AndroidManifest.xml:17:1-22:12
MERGED from [com.android.support:swiperefreshlayout:28.0.0-rc02] AndroidManifest.xml:17:1-22:12
MERGED from [com.android.support:asynclayoutinflater:28.0.0-rc02] AndroidManifest.xml:17:1-22:12
MERGED from [com.android.support:support-vector-drawable:28.0.0-rc02] AndroidManifest.xml:17:1-22:12
MERGED from [com.android.support:support-compat:28.0.0-rc02] AndroidManifest.xml:17:1-24:12
MERGED from [android.arch.lifecycle:runtime:1.1.1] AndroidManifest.xml:17:1-22:12
MERGED from [android.arch.lifecycle:livedata:1.1.1] AndroidManifest.xml:17:1-22:12
MERGED from [android.arch.lifecycle:livedata-core:1.1.1] AndroidManifest.xml:17:1-22:12
MERGED from [android.arch.core:runtime:1.1.1] AndroidManifest.xml:17:1-22:12
MERGED from [android.arch.lifecycle:viewmodel:1.1.1] AndroidManifest.xml:17:1-22:12
MERGED from [com.android.support:documentfile:28.0.0-rc02] AndroidManifest.xml:17:1-22:12
MERGED from [com.android.support:localbroadcastmanager:28.0.0-rc02] AndroidManifest.xml:17:1-22:12
MERGED from [com.android.support:print:28.0.0-rc02] AndroidManifest.xml:17:1-22:12
MERGED from [com.android.support:interpolator:28.0.0-rc02] AndroidManifest.xml:17:1-22:12
MERGED from [com.android.support:cursoradapter:28.0.0-rc02] AndroidManifest.xml:17:1-22:12
MERGED from [com.android.support:versionedparcelable:28.0.0-rc02] AndroidManifest.xml:17:1-25:12
INJECTED from src\main\AndroidManifest.xml:2:1-215:12
INJECTED from src\main\AndroidManifest.xml:2:1-215:12
INJECTED from src\main\AndroidManifest.xml:2:1-215:12
	package
		ADDED from src\main\AndroidManifest.xml:4:5-37
		INJECTED from src\main\AndroidManifest.xml
		INJECTED from src\main\AndroidManifest.xml
	android:versionName
		INJECTED from src\main\AndroidManifest.xml
		ADDED from src\main\AndroidManifest.xml:2:1-215:12
		INJECTED from src\main\AndroidManifest.xml
	xmlns:tools
		ADDED from src\main\AndroidManifest.xml:3:5-51
	android:versionCode
		INJECTED from src\main\AndroidManifest.xml
		ADDED from src\main\AndroidManifest.xml:2:1-215:12
		INJECTED from src\main\AndroidManifest.xml
	xmlns:android
		ADDED from src\main\AndroidManifest.xml:2:11-69
uses-permission#android.permission.INTERNET
ADDED from src\main\AndroidManifest.xml:6:5-67
MERGED from [:library] AndroidManifest.xml:11:5-67
MERGED from [:library] AndroidManifest.xml:11:5-67
	android:name
		ADDED from src\main\AndroidManifest.xml:6:22-64
uses-permission#android.permission.READ_EXTERNAL_STORAGE
ADDED from src\main\AndroidManifest.xml:7:5-80
MERGED from [:library] AndroidManifest.xml:12:5-80
MERGED from [:library] AndroidManifest.xml:12:5-80
	android:name
		ADDED from src\main\AndroidManifest.xml:7:22-77
uses-permission#android.permission.WRITE_EXTERNAL_STORAGE
ADDED from src\main\AndroidManifest.xml:8:5-81
MERGED from [:library] AndroidManifest.xml:13:5-81
MERGED from [:library] AndroidManifest.xml:13:5-81
	android:name
		ADDED from src\main\AndroidManifest.xml:8:22-78
uses-permission#android.permission.CAMERA
ADDED from src\main\AndroidManifest.xml:9:5-65
MERGED from [:library] AndroidManifest.xml:16:5-65
MERGED from [:library] AndroidManifest.xml:16:5-65
	android:name
		ADDED from src\main\AndroidManifest.xml:9:22-62
application
ADDED from src\main\AndroidManifest.xml:14:5-213:19
MERGED from [com.android.support:design:28.0.0-rc02] AndroidManifest.xml:22:5-20
MERGED from [com.android.support:design:28.0.0-rc02] AndroidManifest.xml:22:5-20
MERGED from [com.yanzhenjie:permission:1.0.6] AndroidManifest.xml:24:5-30:19
MERGED from [com.yanzhenjie:permission:1.0.6] AndroidManifest.xml:24:5-30:19
MERGED from [com.android.support.constraint:constraint-layout:1.1.3] AndroidManifest.xml:9:5-20
MERGED from [com.android.support.constraint:constraint-layout:1.1.3] AndroidManifest.xml:9:5-20
MERGED from [:library] AndroidManifest.xml:34:5-60:19
MERGED from [:library] AndroidManifest.xml:34:5-60:19
MERGED from [com.github.bumptech.glide:glide:4.7.1] AndroidManifest.xml:11:5-20
MERGED from [com.github.bumptech.glide:glide:4.7.1] AndroidManifest.xml:11:5-20
MERGED from [android.arch.lifecycle:extensions:1.1.1] AndroidManifest.xml:22:5-28:19
MERGED from [android.arch.lifecycle:extensions:1.1.1] AndroidManifest.xml:22:5-28:19
MERGED from [com.github.bumptech.glide:gifdecoder:4.7.1] AndroidManifest.xml:9:5-20
MERGED from [com.github.bumptech.glide:gifdecoder:4.7.1] AndroidManifest.xml:9:5-20
MERGED from [com.android.support:support-compat:28.0.0-rc02] AndroidManifest.xml:22:5-94
MERGED from [com.android.support:support-compat:28.0.0-rc02] AndroidManifest.xml:22:5-94
MERGED from [com.android.support:versionedparcelable:28.0.0-rc02] AndroidManifest.xml:22:5-23:19
MERGED from [com.android.support:versionedparcelable:28.0.0-rc02] AndroidManifest.xml:22:5-23:19
	android:supportsRtl
		ADDED from src\main\AndroidManifest.xml:21:9-35
	android:label
		ADDED from src\main\AndroidManifest.xml:18:9-41
	android:appComponentFactory
		ADDED from src\main\AndroidManifest.xml:23:9-82
		REJECTED from [com.android.support:support-compat:28.0.0-rc02] AndroidManifest.xml:22:18-91
	android:roundIcon
		ADDED from src\main\AndroidManifest.xml:20:9-54
	android:icon
		ADDED from src\main\AndroidManifest.xml:17:9-43
	android:allowBackup
		ADDED from src\main\AndroidManifest.xml:16:9-35
	android:theme
		ADDED from src\main\AndroidManifest.xml:24:9-40
	android:networkSecurityConfig
		ADDED from src\main\AndroidManifest.xml:19:9-69
	tools:replace
		ADDED from src\main\AndroidManifest.xml:22:9-52
	android:name
		ADDED from src\main\AndroidManifest.xml:15:9-83
meta-data#designwidth
ADDED from src\main\AndroidManifest.xml:26:9-28:35
	android:value
		ADDED from src\main\AndroidManifest.xml:28:13-32
	android:name
		ADDED from src\main\AndroidManifest.xml:27:13-39
meta-data#designdpi
ADDED from src\main\AndroidManifest.xml:29:9-31:35
	android:value
		ADDED from src\main\AndroidManifest.xml:31:13-32
	android:name
		ADDED from src\main\AndroidManifest.xml:30:13-37
meta-data#fontsize
ADDED from src\main\AndroidManifest.xml:32:9-34:35
	android:value
		ADDED from src\main\AndroidManifest.xml:34:13-32
	android:name
		ADDED from src\main\AndroidManifest.xml:33:13-36
meta-data#unit
ADDED from src\main\AndroidManifest.xml:35:9-37:34
	android:value
		ADDED from src\main\AndroidManifest.xml:37:13-31
	android:name
		ADDED from src\main\AndroidManifest.xml:36:13-32
activity#com.yanyiyun.baseutils.MainActivity
ADDED from src\main\AndroidManifest.xml:49:9-66:20
	android:name
		ADDED from src\main\AndroidManifest.xml:49:19-69
intent-filter#action:name:android.intent.action.MAIN+category:name:android.intent.category.LAUNCHER
ADDED from src\main\AndroidManifest.xml:50:13-54:29
action#android.intent.action.MAIN
ADDED from src\main\AndroidManifest.xml:51:17-69
	android:name
		ADDED from src\main\AndroidManifest.xml:51:25-66
category#android.intent.category.LAUNCHER
ADDED from src\main\AndroidManifest.xml:53:17-77
	android:name
		ADDED from src\main\AndroidManifest.xml:53:27-74
intent-filter#action:name:android.intent.action.VIEW+category:name:android.intent.category.BROWSABLE+category:name:android.intent.category.DEFAULT+data:host:www.recipe-app.com+data:pathPattern:/recipe+data:scheme:http
ADDED from src\main\AndroidManifest.xml:55:13-65:29
action#android.intent.action.VIEW
ADDED from src\main\AndroidManifest.xml:56:17-69
	android:name
		ADDED from src\main\AndroidManifest.xml:56:25-66
category#android.intent.category.DEFAULT
ADDED from src\main\AndroidManifest.xml:58:17-76
	android:name
		ADDED from src\main\AndroidManifest.xml:58:27-73
category#android.intent.category.BROWSABLE
ADDED from src\main\AndroidManifest.xml:59:17-78
	android:name
		ADDED from src\main\AndroidManifest.xml:59:27-75
data
ADDED from src\main\AndroidManifest.xml:61:17-64:45
	android:host
		ADDED from src\main\AndroidManifest.xml:62:21-54
	android:scheme
		ADDED from src\main\AndroidManifest.xml:64:21-42
	android:pathPattern
		ADDED from src\main\AndroidManifest.xml:63:21-50
activity#com.yanyiyun.baseutils.activity.selfview.BottomNavigationActivity
ADDED from src\main\AndroidManifest.xml:67:9-71:76
	android:screenOrientation
		ADDED from src\main\AndroidManifest.xml:70:13-49
	android:windowSoftInputMode
		ADDED from src\main\AndroidManifest.xml:71:13-73
	android:configChanges
		ADDED from src\main\AndroidManifest.xml:69:13-63
	android:name
		ADDED from src\main\AndroidManifest.xml:68:13-93
activity#com.yanyiyun.baseutils.activity.selfview.NumberProgressBarActivity
ADDED from src\main\AndroidManifest.xml:73:9-77:76
	android:screenOrientation
		ADDED from src\main\AndroidManifest.xml:76:13-49
	android:windowSoftInputMode
		ADDED from src\main\AndroidManifest.xml:77:13-73
	android:configChanges
		ADDED from src\main\AndroidManifest.xml:75:13-63
	android:name
		ADDED from src\main\AndroidManifest.xml:74:13-94
activity#com.yanyiyun.baseutils.activity.selfview.BannerLayoutActivity
ADDED from src\main\AndroidManifest.xml:78:9-82:76
	android:screenOrientation
		ADDED from src\main\AndroidManifest.xml:81:13-49
	android:windowSoftInputMode
		ADDED from src\main\AndroidManifest.xml:82:13-73
	android:configChanges
		ADDED from src\main\AndroidManifest.xml:80:13-63
	android:name
		ADDED from src\main\AndroidManifest.xml:79:13-89
activity#com.yanyiyun.baseutils.activity.selfview.CheckViewDemoActivity
ADDED from src\main\AndroidManifest.xml:83:9-87:76
	android:screenOrientation
		ADDED from src\main\AndroidManifest.xml:86:13-49
	android:windowSoftInputMode
		ADDED from src\main\AndroidManifest.xml:87:13-73
	android:configChanges
		ADDED from src\main\AndroidManifest.xml:85:13-63
	android:name
		ADDED from src\main\AndroidManifest.xml:84:13-90
activity#com.yanyiyun.baseutils.activity.selfview.AnimViewDemoActivity
ADDED from src\main\AndroidManifest.xml:88:9-92:76
	android:screenOrientation
		ADDED from src\main\AndroidManifest.xml:91:13-49
	android:windowSoftInputMode
		ADDED from src\main\AndroidManifest.xml:92:13-73
	android:configChanges
		ADDED from src\main\AndroidManifest.xml:90:13-63
	android:name
		ADDED from src\main\AndroidManifest.xml:89:13-89
activity#com.yanyiyun.baseutils.activity.CreditCardActivity
ADDED from src\main\AndroidManifest.xml:93:9-97:76
	android:screenOrientation
		ADDED from src\main\AndroidManifest.xml:96:13-49
	android:windowSoftInputMode
		ADDED from src\main\AndroidManifest.xml:97:13-73
	android:configChanges
		ADDED from src\main\AndroidManifest.xml:95:13-63
	android:name
		ADDED from src\main\AndroidManifest.xml:94:13-78
activity#com.yanyiyun.baseutils.activity.FilePickerActivity
ADDED from src\main\AndroidManifest.xml:98:9-102:76
	android:screenOrientation
		ADDED from src\main\AndroidManifest.xml:101:13-49
	android:windowSoftInputMode
		ADDED from src\main\AndroidManifest.xml:102:13-73
	android:configChanges
		ADDED from src\main\AndroidManifest.xml:100:13-63
	android:name
		ADDED from src\main\AndroidManifest.xml:99:13-78
activity#com.yanyiyun.baseutils.activity.SelectImageAndActivity
ADDED from src\main\AndroidManifest.xml:103:9-107:76
	android:screenOrientation
		ADDED from src\main\AndroidManifest.xml:106:13-49
	android:windowSoftInputMode
		ADDED from src\main\AndroidManifest.xml:107:13-73
	android:configChanges
		ADDED from src\main\AndroidManifest.xml:105:13-63
	android:name
		ADDED from src\main\AndroidManifest.xml:104:13-82
activity#com.yanyiyun.baseutils.activity.designPattern.DesignPatternActivity
ADDED from src\main\AndroidManifest.xml:108:9-112:76
	android:screenOrientation
		ADDED from src\main\AndroidManifest.xml:111:13-49
	android:windowSoftInputMode
		ADDED from src\main\AndroidManifest.xml:112:13-73
	android:configChanges
		ADDED from src\main\AndroidManifest.xml:110:13-63
	android:name
		ADDED from src\main\AndroidManifest.xml:109:13-95
activity#com.yanyiyun.baseutils.activity.designPattern.commandMode.CommandModeActivity
ADDED from src\main\AndroidManifest.xml:113:9-117:76
	android:screenOrientation
		ADDED from src\main\AndroidManifest.xml:116:13-49
	android:windowSoftInputMode
		ADDED from src\main\AndroidManifest.xml:117:13-73
	android:configChanges
		ADDED from src\main\AndroidManifest.xml:115:13-63
	android:name
		ADDED from src\main\AndroidManifest.xml:114:13-105
activity#com.yanyiyun.baseutils.activity.selfview.SelfViewActivity
ADDED from src\main\AndroidManifest.xml:118:9-122:76
	android:screenOrientation
		ADDED from src\main\AndroidManifest.xml:121:13-49
	android:windowSoftInputMode
		ADDED from src\main\AndroidManifest.xml:122:13-73
	android:configChanges
		ADDED from src\main\AndroidManifest.xml:120:13-63
	android:name
		ADDED from src\main\AndroidManifest.xml:119:13-85
activity#com.yanyiyun.baseutils.activity.selfview.CircleImageViewDemoActivity
ADDED from src\main\AndroidManifest.xml:123:9-127:76
	android:screenOrientation
		ADDED from src\main\AndroidManifest.xml:126:13-49
	android:windowSoftInputMode
		ADDED from src\main\AndroidManifest.xml:127:13-73
	android:configChanges
		ADDED from src\main\AndroidManifest.xml:125:13-63
	android:name
		ADDED from src\main\AndroidManifest.xml:124:13-96
activity#com.yanyiyun.baseutils.activity.selfview.PhotoViewActivity
ADDED from src\main\AndroidManifest.xml:128:9-132:76
	android:screenOrientation
		ADDED from src\main\AndroidManifest.xml:131:13-49
	android:windowSoftInputMode
		ADDED from src\main\AndroidManifest.xml:132:13-73
	android:configChanges
		ADDED from src\main\AndroidManifest.xml:130:13-63
	android:name
		ADDED from src\main\AndroidManifest.xml:129:13-86
activity#com.yanyiyun.baseutils.activity.selfview.ScrollViewContainerActivity
ADDED from src\main\AndroidManifest.xml:133:9-137:76
	android:screenOrientation
		ADDED from src\main\AndroidManifest.xml:136:13-49
	android:windowSoftInputMode
		ADDED from src\main\AndroidManifest.xml:137:13-73
	android:configChanges
		ADDED from src\main\AndroidManifest.xml:135:13-57
	android:name
		ADDED from src\main\AndroidManifest.xml:134:13-96
activity#com.yanyiyun.baseutils.activity.selfview.TreeListViewActivity
ADDED from src\main\AndroidManifest.xml:138:9-142:76
	android:screenOrientation
		ADDED from src\main\AndroidManifest.xml:141:13-49
	android:windowSoftInputMode
		ADDED from src\main\AndroidManifest.xml:142:13-73
	android:configChanges
		ADDED from src\main\AndroidManifest.xml:140:13-63
	android:name
		ADDED from src\main\AndroidManifest.xml:139:13-89
activity#com.yanyiyun.baseutils.activity.DialogFactoryActivity
ADDED from src\main\AndroidManifest.xml:143:9-147:76
	android:screenOrientation
		ADDED from src\main\AndroidManifest.xml:146:13-49
	android:windowSoftInputMode
		ADDED from src\main\AndroidManifest.xml:147:13-73
	android:configChanges
		ADDED from src\main\AndroidManifest.xml:145:13-63
	android:name
		ADDED from src\main\AndroidManifest.xml:144:13-81
activity#com.yanyiyun.baseutils.activity.CountDownButtonActivity
ADDED from src\main\AndroidManifest.xml:148:9-152:76
	android:screenOrientation
		ADDED from src\main\AndroidManifest.xml:151:13-49
	android:windowSoftInputMode
		ADDED from src\main\AndroidManifest.xml:152:13-73
	android:configChanges
		ADDED from src\main\AndroidManifest.xml:150:13-63
	android:name
		ADDED from src\main\AndroidManifest.xml:149:13-83
activity#com.yanyiyun.baseutils.activity.selfview.recyclerview.SwipeMenuActivity
ADDED from src\main\AndroidManifest.xml:153:9-157:76
	android:screenOrientation
		ADDED from src\main\AndroidManifest.xml:156:13-49
	android:windowSoftInputMode
		ADDED from src\main\AndroidManifest.xml:157:13-73
	android:configChanges
		ADDED from src\main\AndroidManifest.xml:155:13-63
	android:name
		ADDED from src\main\AndroidManifest.xml:154:13-99
activity#com.yanyiyun.baseutils.activity.selfview.recyclerview.RecyclerViewActivity
ADDED from src\main\AndroidManifest.xml:158:9-162:76
	android:screenOrientation
		ADDED from src\main\AndroidManifest.xml:161:13-49
	android:windowSoftInputMode
		ADDED from src\main\AndroidManifest.xml:162:13-73
	android:configChanges
		ADDED from src\main\AndroidManifest.xml:160:13-63
	android:name
		ADDED from src\main\AndroidManifest.xml:159:13-102
activity#com.yanyiyun.baseutils.activity.selfview.recyclerview.DragSwipeActivity
ADDED from src\main\AndroidManifest.xml:163:9-167:76
	android:screenOrientation
		ADDED from src\main\AndroidManifest.xml:166:13-49
	android:windowSoftInputMode
		ADDED from src\main\AndroidManifest.xml:167:13-73
	android:configChanges
		ADDED from src\main\AndroidManifest.xml:165:13-63
	android:name
		ADDED from src\main\AndroidManifest.xml:164:13-99
activity#com.yanyiyun.baseutils.activity.selfview.recyclerview.DefaultRefreshLoadActivity
ADDED from src\main\AndroidManifest.xml:168:9-172:76
	android:screenOrientation
		ADDED from src\main\AndroidManifest.xml:171:13-49
	android:windowSoftInputMode
		ADDED from src\main\AndroidManifest.xml:172:13-73
	android:configChanges
		ADDED from src\main\AndroidManifest.xml:170:13-63
	android:name
		ADDED from src\main\AndroidManifest.xml:169:13-108
activity#com.yanyiyun.baseutils.activity.selfview.recyclerview.DefineLoadMoreActivity
ADDED from src\main\AndroidManifest.xml:173:9-177:76
	android:screenOrientation
		ADDED from src\main\AndroidManifest.xml:176:13-49
	android:windowSoftInputMode
		ADDED from src\main\AndroidManifest.xml:177:13-73
	android:configChanges
		ADDED from src\main\AndroidManifest.xml:175:13-63
	android:name
		ADDED from src\main\AndroidManifest.xml:174:13-104
activity#com.yanyiyun.baseutils.activity.selfview.chart.PieChartViewActivity
ADDED from src\main\AndroidManifest.xml:178:9-182:76
	android:screenOrientation
		ADDED from src\main\AndroidManifest.xml:181:13-49
	android:windowSoftInputMode
		ADDED from src\main\AndroidManifest.xml:182:13-73
	android:configChanges
		ADDED from src\main\AndroidManifest.xml:180:13-63
	android:name
		ADDED from src\main\AndroidManifest.xml:179:13-95
activity#com.yanyiyun.baseutils.activity.selfview.chart.ChartActivity
ADDED from src\main\AndroidManifest.xml:183:9-187:76
	android:screenOrientation
		ADDED from src\main\AndroidManifest.xml:186:13-49
	android:windowSoftInputMode
		ADDED from src\main\AndroidManifest.xml:187:13-73
	android:configChanges
		ADDED from src\main\AndroidManifest.xml:185:13-63
	android:name
		ADDED from src\main\AndroidManifest.xml:184:13-88
activity#com.yanyiyun.baseutils.activity.StepDownActivity
ADDED from src\main\AndroidManifest.xml:188:9-192:76
	android:screenOrientation
		ADDED from src\main\AndroidManifest.xml:191:13-49
	android:windowSoftInputMode
		ADDED from src\main\AndroidManifest.xml:192:13-73
	android:configChanges
		ADDED from src\main\AndroidManifest.xml:190:13-63
	android:name
		ADDED from src\main\AndroidManifest.xml:189:13-76
activity#com.yanyiyun.baseutils.activity.okhttp.OkHttpDemoActivity
ADDED from src\main\AndroidManifest.xml:193:9-197:76
	android:screenOrientation
		ADDED from src\main\AndroidManifest.xml:196:13-49
	android:windowSoftInputMode
		ADDED from src\main\AndroidManifest.xml:197:13-73
	android:configChanges
		ADDED from src\main\AndroidManifest.xml:195:13-63
	android:name
		ADDED from src\main\AndroidManifest.xml:194:13-85
activity#com.yanyiyun.baseutils.activity.okio.OkioDemoActivity
ADDED from src\main\AndroidManifest.xml:198:9-202:76
	android:screenOrientation
		ADDED from src\main\AndroidManifest.xml:201:13-49
	android:windowSoftInputMode
		ADDED from src\main\AndroidManifest.xml:202:13-73
	android:configChanges
		ADDED from src\main\AndroidManifest.xml:200:13-63
	android:name
		ADDED from src\main\AndroidManifest.xml:199:13-81
activity#com.yanyiyun.baseutils.activity.retrofit.RetrofitDemoActivity
ADDED from src\main\AndroidManifest.xml:203:9-207:76
	android:screenOrientation
		ADDED from src\main\AndroidManifest.xml:206:13-49
	android:windowSoftInputMode
		ADDED from src\main\AndroidManifest.xml:207:13-73
	android:configChanges
		ADDED from src\main\AndroidManifest.xml:205:13-63
	android:name
		ADDED from src\main\AndroidManifest.xml:204:13-89
activity#com.yanyiyun.baseutils.activity.LiveDataDemoActivity
ADDED from src\main\AndroidManifest.xml:208:9-212:76
	android:screenOrientation
		ADDED from src\main\AndroidManifest.xml:211:13-49
	android:windowSoftInputMode
		ADDED from src\main\AndroidManifest.xml:212:13-73
	android:configChanges
		ADDED from src\main\AndroidManifest.xml:210:13-63
	android:name
		ADDED from src\main\AndroidManifest.xml:209:13-80
uses-sdk
INJECTED from src\main\AndroidManifest.xml reason: use-sdk injection requested
INJECTED from src\main\AndroidManifest.xml
INJECTED from src\main\AndroidManifest.xml
MERGED from [com.android.support:design:28.0.0-rc02] AndroidManifest.xml:20:5-44
MERGED from [com.android.support:design:28.0.0-rc02] AndroidManifest.xml:20:5-44
MERGED from [com.yanzhenjie:permission:1.0.6] AndroidManifest.xml:20:5-22:41
MERGED from [com.yanzhenjie:permission:1.0.6] AndroidManifest.xml:20:5-22:41
MERGED from [com.yanzhenjie.alertdialog:alertdialog:1.0.1] AndroidManifest.xml:6:5-8:41
MERGED from [com.yanzhenjie.alertdialog:alertdialog:1.0.1] AndroidManifest.xml:6:5-8:41
MERGED from [com.android.support:appcompat-v7:28.0.0-rc02] AndroidManifest.xml:20:5-44
MERGED from [com.android.support:appcompat-v7:28.0.0-rc02] AndroidManifest.xml:20:5-44
MERGED from [com.android.support:percent:28.0.0-rc02] AndroidManifest.xml:20:5-44
MERGED from [com.android.support:percent:28.0.0-rc02] AndroidManifest.xml:20:5-44
MERGED from [com.android.support.constraint:constraint-layout:1.1.3] AndroidManifest.xml:5:5-7:41
MERGED from [com.android.support.constraint:constraint-layout:1.1.3] AndroidManifest.xml:5:5-7:41
MERGED from [:library] AndroidManifest.xml:7:5-9:41
MERGED from [:library] AndroidManifest.xml:7:5-9:41
MERGED from [com.github.bumptech.glide:glide:4.7.1] AndroidManifest.xml:7:5-9:41
MERGED from [com.github.bumptech.glide:glide:4.7.1] AndroidManifest.xml:7:5-9:41
MERGED from [com.jakewharton:butterknife:8.8.1] AndroidManifest.xml:5:5-43
MERGED from [com.jakewharton:butterknife:8.8.1] AndroidManifest.xml:5:5-43
MERGED from [android.arch.lifecycle:extensions:1.1.1] AndroidManifest.xml:20:5-44
MERGED from [android.arch.lifecycle:extensions:1.1.1] AndroidManifest.xml:20:5-44
MERGED from [com.android.support:recyclerview-v7:28.0.0-rc02] AndroidManifest.xml:20:5-44
MERGED from [com.android.support:recyclerview-v7:28.0.0-rc02] AndroidManifest.xml:20:5-44
MERGED from [com.android.support:support-fragment:28.0.0-rc02] AndroidManifest.xml:20:5-44
MERGED from [com.android.support:support-fragment:28.0.0-rc02] AndroidManifest.xml:20:5-44
MERGED from [com.android.support:animated-vector-drawable:28.0.0-rc02] AndroidManifest.xml:20:5-44
MERGED from [com.android.support:animated-vector-drawable:28.0.0-rc02] AndroidManifest.xml:20:5-44
MERGED from [com.android.support:support-core-ui:28.0.0-rc02] AndroidManifest.xml:20:5-44
MERGED from [com.android.support:support-core-ui:28.0.0-rc02] AndroidManifest.xml:20:5-44
MERGED from [com.android.support:support-core-utils:28.0.0-rc02] AndroidManifest.xml:20:5-44
MERGED from [com.android.support:support-core-utils:28.0.0-rc02] AndroidManifest.xml:20:5-44
MERGED from [com.android.support:transition:28.0.0-rc02] AndroidManifest.xml:20:5-44
MERGED from [com.android.support:transition:28.0.0-rc02] AndroidManifest.xml:20:5-44
MERGED from [com.android.support:cardview-v7:28.0.0-rc02] AndroidManifest.xml:20:5-44
MERGED from [com.android.support:cardview-v7:28.0.0-rc02] AndroidManifest.xml:20:5-44
MERGED from [com.github.bumptech.glide:gifdecoder:4.7.1] AndroidManifest.xml:5:5-7:41
MERGED from [com.github.bumptech.glide:gifdecoder:4.7.1] AndroidManifest.xml:5:5-7:41
MERGED from [com.android.support:loader:28.0.0-rc02] AndroidManifest.xml:20:5-44
MERGED from [com.android.support:loader:28.0.0-rc02] AndroidManifest.xml:20:5-44
MERGED from [com.android.support:viewpager:28.0.0-rc02] AndroidManifest.xml:20:5-44
MERGED from [com.android.support:viewpager:28.0.0-rc02] AndroidManifest.xml:20:5-44
MERGED from [com.android.support:coordinatorlayout:28.0.0-rc02] AndroidManifest.xml:20:5-44
MERGED from [com.android.support:coordinatorlayout:28.0.0-rc02] AndroidManifest.xml:20:5-44
MERGED from [com.android.support:drawerlayout:28.0.0-rc02] AndroidManifest.xml:20:5-44
MERGED from [com.android.support:drawerlayout:28.0.0-rc02] AndroidManifest.xml:20:5-44
MERGED from [com.android.support:slidingpanelayout:28.0.0-rc02] AndroidManifest.xml:20:5-44
MERGED from [com.android.support:slidingpanelayout:28.0.0-rc02] AndroidManifest.xml:20:5-44
MERGED from [com.android.support:customview:28.0.0-rc02] AndroidManifest.xml:20:5-44
MERGED from [com.android.support:customview:28.0.0-rc02] AndroidManifest.xml:20:5-44
MERGED from [com.android.support:swiperefreshlayout:28.0.0-rc02] AndroidManifest.xml:20:5-44
MERGED from [com.android.support:swiperefreshlayout:28.0.0-rc02] AndroidManifest.xml:20:5-44
MERGED from [com.android.support:asynclayoutinflater:28.0.0-rc02] AndroidManifest.xml:20:5-44
MERGED from [com.android.support:asynclayoutinflater:28.0.0-rc02] AndroidManifest.xml:20:5-44
MERGED from [com.android.support:support-vector-drawable:28.0.0-rc02] AndroidManifest.xml:20:5-44
MERGED from [com.android.support:support-vector-drawable:28.0.0-rc02] AndroidManifest.xml:20:5-44
MERGED from [com.android.support:support-compat:28.0.0-rc02] AndroidManifest.xml:20:5-44
MERGED from [com.android.support:support-compat:28.0.0-rc02] AndroidManifest.xml:20:5-44
MERGED from [android.arch.lifecycle:runtime:1.1.1] AndroidManifest.xml:20:5-44
MERGED from [android.arch.lifecycle:runtime:1.1.1] AndroidManifest.xml:20:5-44
MERGED from [android.arch.lifecycle:livedata:1.1.1] AndroidManifest.xml:20:5-44
MERGED from [android.arch.lifecycle:livedata:1.1.1] AndroidManifest.xml:20:5-44
MERGED from [android.arch.lifecycle:livedata-core:1.1.1] AndroidManifest.xml:20:5-44
MERGED from [android.arch.lifecycle:livedata-core:1.1.1] AndroidManifest.xml:20:5-44
MERGED from [android.arch.core:runtime:1.1.1] AndroidManifest.xml:20:5-44
MERGED from [android.arch.core:runtime:1.1.1] AndroidManifest.xml:20:5-44
MERGED from [android.arch.lifecycle:viewmodel:1.1.1] AndroidManifest.xml:20:5-44
MERGED from [android.arch.lifecycle:viewmodel:1.1.1] AndroidManifest.xml:20:5-44
MERGED from [com.android.support:documentfile:28.0.0-rc02] AndroidManifest.xml:20:5-44
MERGED from [com.android.support:documentfile:28.0.0-rc02] AndroidManifest.xml:20:5-44
MERGED from [com.android.support:localbroadcastmanager:28.0.0-rc02] AndroidManifest.xml:20:5-44
MERGED from [com.android.support:localbroadcastmanager:28.0.0-rc02] AndroidManifest.xml:20:5-44
MERGED from [com.android.support:print:28.0.0-rc02] AndroidManifest.xml:20:5-44
MERGED from [com.android.support:print:28.0.0-rc02] AndroidManifest.xml:20:5-44
MERGED from [com.android.support:interpolator:28.0.0-rc02] AndroidManifest.xml:20:5-44
MERGED from [com.android.support:interpolator:28.0.0-rc02] AndroidManifest.xml:20:5-44
MERGED from [com.android.support:cursoradapter:28.0.0-rc02] AndroidManifest.xml:20:5-44
MERGED from [com.android.support:cursoradapter:28.0.0-rc02] AndroidManifest.xml:20:5-44
MERGED from [com.android.support:versionedparcelable:28.0.0-rc02] AndroidManifest.xml:20:5-44
MERGED from [com.android.support:versionedparcelable:28.0.0-rc02] AndroidManifest.xml:20:5-44
INJECTED from src\main\AndroidManifest.xml
INJECTED from src\main\AndroidManifest.xml